<?xml version="1.0" encoding="UTF-8"?>
<!-- Generated by org.testng.reporters.JUnitXMLReporter -->
<testsuite hostname="DESK-HP" ignored="4" name="Test" tests="2" failures="0" timestamp="21 Jan 2022 07:55:20 GMT" time="65.564" errors="0">
  <testcase name="CreateOrgWithIndEnergy" time="12.915" classname="com.vtiger.comcast.organizationtest.CreateOrganization"/>
  <testcase name="CreateContactWithOrgTest" time="27.265" classname="com.vtiger.comcast.organizationtest.Create_Contact"/>
  <testcase name="@AfterSuite configAS" time="0.0" classname="com.vtiger.comcast.generalUtility.BaseClass">
    <ignored/>
  </testcase> <!-- @AfterSuite configAS -->
  <testcase name="CreateOrgTest" time="0.0" classname="com.vtiger.comcast.organizationtest.CreateOrganization">
    <ignored/>
  </testcase> <!-- CreateOrgTest -->
  <testcase name="@BeforeSuite configBS" time="0.0" classname="com.vtiger.comcast.generalUtility.BaseClass">
    <ignored/>
  </testcase> <!-- @BeforeSuite configBS -->
  <testcase name="CreateContactTest" time="0.0" classname="com.vtiger.comcast.organizationtest.Create_Contact">
    <ignored/>
  </testcase> <!-- CreateContactTest -->
</testsuite> <!-- Test -->
