<?xml version="1.0" encoding="UTF-8"?>
<!-- Generated by org.testng.reporters.JUnitXMLReporter -->
<testsuite hostname="DESK-HP" ignored="4" name="Test" tests="2" failures="0" timestamp="21 Jan 2022 07:32:14 GMT" time="72.992" errors="0">
  <testcase name="CreateOrgTest" time="14.085" classname="com.vtiger.comcast.organizationtest.CreateOrganization"/>
  <testcase name="CreateContactTest" time="22.606" classname="com.vtiger.comcast.organizationtest.Create_Contact"/>
  <testcase name="CreateOrgWithIndEnergy" time="0.0" classname="com.vtiger.comcast.organizationtest.CreateOrganization">
    <ignored/>
  </testcase> <!-- CreateOrgWithIndEnergy -->
  <testcase name="@AfterSuite configAS" time="0.0" classname="com.vtiger.comcast.generalUtility.BaseClass">
    <ignored/>
  </testcase> <!-- @AfterSuite configAS -->
  <testcase name="CreateContactWithOrgTest" time="0.0" classname="com.vtiger.comcast.organizationtest.Create_Contact">
    <ignored/>
  </testcase> <!-- CreateContactWithOrgTest -->
  <testcase name="@BeforeSuite configBS" time="0.0" classname="com.vtiger.comcast.generalUtility.BaseClass">
    <ignored/>
  </testcase> <!-- @BeforeSuite configBS -->
</testsuite> <!-- Test -->
