<?xml version="1.0" encoding="UTF-8"?>
<!-- Generated by org.testng.reporters.JUnitXMLReporter -->
<testsuite hostname="DESK-HP" ignored="0" name="Default test" tests="5" failures="0" timestamp="24 Jan 2022 18:41:24 GMT" time="0.19" errors="0">
  <testcase name="bookTicketTest" time="0.02" classname="vTiger_OrganisationsHardcoding.Test.dataProvider"/>
  <testcase name="bookTicketTest" time="0.004" classname="vTiger_OrganisationsHardcoding.Test.dataProvider"/>
  <testcase name="bookTicketTest" time="0.005" classname="vTiger_OrganisationsHardcoding.Test.dataProvider"/>
  <testcase name="bookTicketTest" time="0.006" classname="vTiger_OrganisationsHardcoding.Test.dataProvider"/>
  <testcase name="bookTicketTest" time="0.004" classname="vTiger_OrganisationsHardcoding.Test.dataProvider"/>
</testsuite> <!-- Default test -->
