<?xml version="1.0" encoding="UTF-8"?>
<!-- Generated by org.testng.reporters.JUnitXMLReporter -->
<testsuite ignored="0" hostname="DESKTOP-SC2418G" failures="0" tests="4" name="Default test" time="0.129" errors="0" timestamp="2025-03-24T16:56:07 IST">
  <testcase classname="practice.ForExecutionOrder" name="testMethod1" time="0.015"/>
  <testcase classname="practice.ForExecutionOrder" name="testMethod4" time="0.003"/>
  <testcase classname="practice.ForExecutionOrder" name="testMethod2" time="0.005"/>
  <testcase classname="practice.ForExecutionOrder" name="testMethod3" time="0.003"/>
</testsuite> <!-- Default test -->
