<?xml version="1.0" encoding="UTF-8"?>
<!-- Generated by org.testng.reporters.JUnitXMLReporter -->
<testsuite hostname="DESK-HP" ignored="0" name="TestRunner-1" tests="2" failures="0" timestamp="21 Jan 2022 10:27:44 GMT" time="98.286" errors="0">
  <testcase name="CreateOrgTest" time="45.958" classname="com.vtiger.comcast.organizationtest.CreateOrganization"/>
  <testcase name="CreateOrgWithIndEnergy" time="17.543" classname="com.vtiger.comcast.organizationtest.CreateOrganization"/>
</testsuite> <!-- TestRunner-1 -->
