<?xml version="1.0" encoding="UTF-8"?>
<!-- Generated by org.testng.reporters.JUnitXMLReporter -->
<testsuite hostname="DESK-HP" ignored="0" name="TestRunner-2" tests="2" failures="0" timestamp="21 Jan 2022 10:27:55 GMT" time="109.775" errors="0">
  <testcase name="CreateContactTest" time="42.859" classname="com.vtiger.comcast.organizationtest.Create_Contact"/>
  <testcase name="CreateContactWithOrgTest" time="29.115" classname="com.vtiger.comcast.organizationtest.Create_Contact"/>
</testsuite> <!-- TestRunner-2 -->
