<?xml version="1.0" encoding="UTF-8"?>
<!-- Generated by org.testng.reporters.JUnitXMLReporter -->
<testsuite hostname="DESK-HP" ignored="2" name="TestRunnerChrome" tests="4" failures="0" timestamp="22 Jan 2022 07:02:00 GMT" time="245.55" errors="0">
  <testcase name="CreateOrgTest" time="48.923" classname="com.vtiger.comcast.organizationtest.CreateOrganization"/>
  <testcase name="CreateOrgWithIndEnergy" time="17.938" classname="com.vtiger.comcast.organizationtest.CreateOrganization"/>
  <testcase name="CreateContactTest" time="43.548" classname="com.vtiger.comcast.organizationtest.Create_Contact"/>
  <testcase name="CreateContactWithOrgTest" time="35.06" classname="com.vtiger.comcast.organizationtest.Create_Contact"/>
  <testcase name="@AfterSuite configAS" time="0.0" classname="com.vtiger.comcast.generalUtility.BaseClass">
    <ignored/>
  </testcase> <!-- @AfterSuite configAS -->
  <testcase name="@BeforeSuite configBS" time="0.0" classname="com.vtiger.comcast.generalUtility.BaseClass">
    <ignored/>
  </testcase> <!-- @BeforeSuite configBS -->
</testsuite> <!-- TestRunnerChrome -->
