<?xml version="1.0" encoding="UTF-8"?>
<testng-results ignored="0" total="4" passed="4" failed="0" skipped="0">
  <reporter-output>
  </reporter-output>
  <suite started-at="2025-03-24T16:56:07 IST" name="Default suite" finished-at="2025-03-24T16:56:07 IST" duration-ms="129">
    <groups>
    </groups>
    <test started-at="2025-03-24T16:56:07 IST" name="Default test" finished-at="2025-03-24T16:56:07 IST" duration-ms="129">
      <class name="practice.ForExecutionOrder">
        <test-method signature="testMethod1()[pri:0, instance:practice.ForExecutionOrder@470734c3]" started-at="2025-03-24T16:56:07 IST" name="testMethod1" finished-at="2025-03-24T16:56:07 IST" duration-ms="15" status="PASS">
          <reporter-output>
          </reporter-output>
        </test-method> <!-- testMethod1 -->
        <test-method signature="testMethod4()[pri:0, instance:practice.ForExecutionOrder@470734c3]" started-at="2025-03-24T16:56:07 IST" name="testMethod4" finished-at="2025-03-24T16:56:07 IST" duration-ms="3" status="PASS">
          <reporter-output>
          </reporter-output>
        </test-method> <!-- testMethod4 -->
        <test-method signature="testMethod2()[pri:2, instance:practice.ForExecutionOrder@470734c3]" started-at="2025-03-24T16:56:07 IST" name="testMethod2" finished-at="2025-03-24T16:56:07 IST" duration-ms="5" status="PASS">
          <reporter-output>
          </reporter-output>
        </test-method> <!-- testMethod2 -->
        <test-method signature="testMethod3()[pri:4, instance:practice.ForExecutionOrder@470734c3]" started-at="2025-03-24T16:56:07 IST" name="testMethod3" finished-at="2025-03-24T16:56:07 IST" duration-ms="3" status="PASS">
          <reporter-output>
          </reporter-output>
        </test-method> <!-- testMethod3 -->
      </class> <!-- practice.ForExecutionOrder -->
    </test> <!-- Default test -->
  </suite> <!-- Default suite -->
</testng-results>
